<?xml version="1.0" encoding="UTF-8"?>
<!-- Generated by org.testng.reporters.JUnitReportReporter -->
<testsuite hostname="JAGA" name="ant_buildtool_example.SampleProgram" tests="1" failures="0" timestamp="5 Aug 2017 13:27:55 GMT" time="0.063" errors="0">
  <testcase name="Guru99AntTestNGMethod" time="0.063" classname="ant_buildtool_example.SampleProgram"/>
</testsuite> <!-- ant_buildtool_example.SampleProgram -->
