<?xml version="1.0" encoding="UTF-8"?>
<!-- Generated by org.testng.reporters.JUnitReportReporter -->
<testsuite hostname="JAGA" name="extentReport.AdminLogin" tests="1" failures="0" timestamp="6 Aug 2017 09:02:47 GMT" time="16.166" errors="0">
  <testcase name="adminLogin" time="16.166" classname="extentReport.AdminLogin"/>
</testsuite> <!-- extentReport.AdminLogin -->
